INFO: [VRFC 10-2263] Analyzing Verilog file "D:/Quantum/DynamicCircuit/DynamicCircuit.sim/sim_1/synth/func/xsim/QValid_func_synth.v" into library xil_defaultlib
INFO: [VRFC 10-311] analyzing module QMeasure
INFO: [VRFC 10-311] analyzing module QMesaure_tx
INFO: [VRFC 10-311] analyzing module RORNG
INFO: [VRFC 10-311] analyzing module RingOscillator
INFO: [VRFC 10-311] analyzing module RingOscillator__4
INFO: [VRFC 10-311] analyzing module RingOscillator__5
INFO: [VRFC 10-311] analyzing module RingOscillator__6
INFO: [VRFC 10-311] analyzing module invert
INFO: [VRFC 10-311] analyzing module invert__10
INFO: [VRFC 10-311] analyzing module invert__11
INFO: [VRFC 10-311] analyzing module invert__12
INFO: [VRFC 10-311] analyzing module invert__13
INFO: [VRFC 10-311] analyzing module invert__14
INFO: [VRFC 10-311] analyzing module invert__15
INFO: [VRFC 10-311] analyzing module invert__16
INFO: [VRFC 10-311] analyzing module invert__17
INFO: [VRFC 10-311] analyzing module invert__18
INFO: [VRFC 10-311] analyzing module invert__19
INFO: [VRFC 10-311] analyzing module invert__20
INFO: [VRFC 10-311] analyzing module invert__21
INFO: [VRFC 10-311] analyzing module invert__22
INFO: [VRFC 10-311] analyzing module invert__23
INFO: [VRFC 10-311] analyzing module invert__24
INFO: [VRFC 10-311] analyzing module invert__25
INFO: [VRFC 10-311] analyzing module invert__26
INFO: [VRFC 10-311] analyzing module invert__8
INFO: [VRFC 10-311] analyzing module invert__9
INFO: [VRFC 10-311] analyzing module glbl
INFO: [VRFC 10-2263] Analyzing Verilog file "D:/Quantum/DynamicCircuit/DynamicCircuit.srcs/sources_1/new/QValid.v" into library xil_defaultlib
INFO: [VRFC 10-311] analyzing module QValid
